{"/Users/guillaumelecallier/Desktop/Projects/perso/MaMap/src/App.tsx": {"path":"/Users/guillaumelecallier/Desktop/Projects/perso/MaMap/src/App.tsx","statementMap":{"0":{"start":{"line":23,"column":12},"end":{"line":40,"column":1}},"1":{"start":{"line":24,"column":2},"end":{"line":39,"column":4}},"2":{"start":{"line":42,"column":15},"end":{"line":75,"column":2}}},"fnMap":{"0":{"name":"(anonymous_0)","decl":{"start":{"line":23,"column":12},"end":{"line":23,"column":13}},"loc":{"start":{"line":23,"column":18},"end":{"line":40,"column":1}},"line":23}},"branchMap":{},"s":{"0":1,"1":1,"2":1},"f":{"0":1},"b":{},"_coverageSchema":"43e27e138ebf9cfc5966b082cf9a028302ed4184","hash":"a88bb157a66131327b7f358e90855b2923cef215"}
}
